mode: atomic
github.com/im-adarsh/go-money/num2words/num2Words.go:25.33,27.2 1 18
github.com/im-adarsh/go-money/num2words/num2Words.go:31.36,33.2 1 15
github.com/im-adarsh/go-money/num2words/num2Words.go:35.46,37.17 1 33
github.com/im-adarsh/go-money/num2words/num2Words.go:37.17,39.3 1 2
github.com/im-adarsh/go-money/num2words/num2Words.go:42.2,46.36 3 31
github.com/im-adarsh/go-money/num2words/num2Words.go:46.36,49.3 2 124
github.com/im-adarsh/go-money/num2words/num2Words.go:51.2,52.36 2 31
github.com/im-adarsh/go-money/num2words/num2Words.go:52.36,54.3 1 124
github.com/im-adarsh/go-money/num2words/num2Words.go:55.2,58.36 3 31
github.com/im-adarsh/go-money/num2words/num2Words.go:58.36,59.21 1 93
github.com/im-adarsh/go-money/num2words/num2Words.go:59.21,62.26 2 3
github.com/im-adarsh/go-money/num2words/num2Words.go:62.26,64.5 1 2
github.com/im-adarsh/go-money/num2words/num2Words.go:66.4,68.32 2 3
github.com/im-adarsh/go-money/num2words/num2Words.go:72.2,72.16 1 31
github.com/im-adarsh/go-money/num2words/num2Words.go:72.16,74.3 1 4
github.com/im-adarsh/go-money/num2words/num2Words.go:76.2,76.17 1 31
github.com/im-adarsh/go-money/num2words/num2Words.go:79.27,81.2 1 248
github.com/im-adarsh/go-money/num2words/num2Words.go:83.66,87.19 3 124
github.com/im-adarsh/go-money/num2words/num2Words.go:87.19,90.21 2 7
github.com/im-adarsh/go-money/num2words/num2Words.go:90.21,92.4 1 5
github.com/im-adarsh/go-money/num2words/num2Words.go:95.2,98.15 3 124
github.com/im-adarsh/go-money/num2words/num2Words.go:98.15,101.17 2 12
github.com/im-adarsh/go-money/num2words/num2Words.go:101.17,103.4 1 8
github.com/im-adarsh/go-money/num2words/num2Words.go:104.8,104.27 1 112
github.com/im-adarsh/go-money/num2words/num2Words.go:104.27,106.3 1 19
github.com/im-adarsh/go-money/num2words/num2Words.go:108.2,108.8 1 124
github.com/im-adarsh/go-money/num2words/num2Words.go:113.36,114.12 1 7
github.com/im-adarsh/go-money/num2words/num2Words.go:114.12,116.3 1 3
github.com/im-adarsh/go-money/num2words/num2Words.go:117.2,117.12 1 4
github.com/im-adarsh/go-money/aggregate.go:13.40,14.18 1 12
github.com/im-adarsh/go-money/aggregate.go:14.18,16.3 1 1
github.com/im-adarsh/go-money/aggregate.go:17.2,19.27 3 11
github.com/im-adarsh/go-money/aggregate.go:19.27,21.17 2 14
github.com/im-adarsh/go-money/aggregate.go:21.17,23.4 1 2
github.com/im-adarsh/go-money/aggregate.go:25.2,25.20 1 9
github.com/im-adarsh/go-money/aggregate.go:36.40,37.18 1 7
github.com/im-adarsh/go-money/aggregate.go:37.18,39.3 1 1
github.com/im-adarsh/go-money/aggregate.go:40.2,41.27 2 6
github.com/im-adarsh/go-money/aggregate.go:41.27,43.17 2 8
github.com/im-adarsh/go-money/aggregate.go:43.17,45.4 1 1
github.com/im-adarsh/go-money/aggregate.go:46.3,46.9 1 7
github.com/im-adarsh/go-money/aggregate.go:46.9,48.4 1 3
github.com/im-adarsh/go-money/aggregate.go:50.2,50.17 1 5
github.com/im-adarsh/go-money/aggregate.go:61.40,62.18 1 7
github.com/im-adarsh/go-money/aggregate.go:62.18,64.3 1 1
github.com/im-adarsh/go-money/aggregate.go:65.2,66.27 2 6
github.com/im-adarsh/go-money/aggregate.go:66.27,68.17 2 8
github.com/im-adarsh/go-money/aggregate.go:68.17,70.4 1 1
github.com/im-adarsh/go-money/aggregate.go:71.3,71.9 1 7
github.com/im-adarsh/go-money/aggregate.go:71.9,73.4 1 3
github.com/im-adarsh/go-money/aggregate.go:75.2,75.17 1 5
github.com/im-adarsh/go-money/aggregate.go:87.44,88.18 1 6
github.com/im-adarsh/go-money/aggregate.go:88.18,90.3 1 1
github.com/im-adarsh/go-money/aggregate.go:91.2,92.16 2 5
github.com/im-adarsh/go-money/aggregate.go:92.16,94.3 1 1
github.com/im-adarsh/go-money/aggregate.go:95.2,95.42 1 4
github.com/im-adarsh/go-money/calculator.go:7.48,9.2 1 41
github.com/im-adarsh/go-money/calculator.go:11.53,13.2 1 9
github.com/im-adarsh/go-money/calculator.go:15.59,17.2 1 6
github.com/im-adarsh/go-money/calculator.go:19.57,21.2 1 17
github.com/im-adarsh/go-money/calculator.go:23.58,25.2 1 7
github.com/im-adarsh/go-money/calculator.go:27.60,29.2 1 29
github.com/im-adarsh/go-money/calculator.go:31.50,32.15 1 10
github.com/im-adarsh/go-money/calculator.go:32.15,34.3 1 3
github.com/im-adarsh/go-money/calculator.go:36.2,36.23 1 7
github.com/im-adarsh/go-money/calculator.go:39.50,40.15 1 3
github.com/im-adarsh/go-money/calculator.go:40.15,42.3 1 1
github.com/im-adarsh/go-money/calculator.go:44.2,44.23 1 2
github.com/im-adarsh/go-money/calculator.go:47.54,48.16 1 8
github.com/im-adarsh/go-money/calculator.go:48.16,50.3 1 1
github.com/im-adarsh/go-money/calculator.go:52.2,56.19 4 7
github.com/im-adarsh/go-money/calculator.go:56.19,58.3 1 4
github.com/im-adarsh/go-money/calculator.go:60.2,62.15 2 7
github.com/im-adarsh/go-money/calculator.go:62.15,64.3 1 2
github.com/im-adarsh/go-money/calculator.go:64.8,66.3 1 5
github.com/im-adarsh/go-money/calculator.go:68.2,68.23 1 7
github.com/im-adarsh/go-money/country.go:79.60,82.2 2 14
github.com/im-adarsh/go-money/country.go:90.70,92.9 2 4
github.com/im-adarsh/go-money/country.go:92.9,94.3 1 1
github.com/im-adarsh/go-money/country.go:95.2,95.31 1 3
github.com/im-adarsh/go-money/currency.go:152.94,163.2 2 4
github.com/im-adarsh/go-money/currency.go:165.41,167.2 1 387
github.com/im-adarsh/go-money/currency.go:170.41,172.2 1 7
github.com/im-adarsh/go-money/currency.go:176.43,184.2 1 37
github.com/im-adarsh/go-money/currency.go:188.43,190.2 1 3
github.com/im-adarsh/go-money/currency.go:193.36,194.40 1 455
github.com/im-adarsh/go-money/currency.go:194.40,196.3 1 452
github.com/im-adarsh/go-money/currency.go:198.2,198.23 1 3
github.com/im-adarsh/go-money/currency.go:201.46,203.2 1 108
github.com/im-adarsh/go-money/currencyToWords.go:127.54,132.2 1 2
github.com/im-adarsh/go-money/currencyToWords.go:145.73,150.19 4 32
github.com/im-adarsh/go-money/currencyToWords.go:150.19,152.3 1 20
github.com/im-adarsh/go-money/currencyToWords.go:153.2,154.16 2 32
github.com/im-adarsh/go-money/currencyToWords.go:154.16,156.3 1 1
github.com/im-adarsh/go-money/currencyToWords.go:157.2,158.16 2 31
github.com/im-adarsh/go-money/currencyToWords.go:158.16,160.3 1 1
github.com/im-adarsh/go-money/currencyToWords.go:162.2,166.9 4 30
github.com/im-adarsh/go-money/currencyToWords.go:166.9,168.3 1 1
github.com/im-adarsh/go-money/currencyToWords.go:171.2,171.21 1 29
github.com/im-adarsh/go-money/currencyToWords.go:171.21,172.19 1 2
github.com/im-adarsh/go-money/currencyToWords.go:172.19,174.4 1 1
github.com/im-adarsh/go-money/currencyToWords.go:175.3,175.49 1 1
github.com/im-adarsh/go-money/currencyToWords.go:179.2,179.22 1 27
github.com/im-adarsh/go-money/currencyToWords.go:179.22,180.34 1 3
github.com/im-adarsh/go-money/currencyToWords.go:180.34,182.4 1 1
github.com/im-adarsh/go-money/currencyToWords.go:182.9,182.26 1 2
github.com/im-adarsh/go-money/currencyToWords.go:182.26,184.4 1 1
github.com/im-adarsh/go-money/currencyToWords.go:184.9,184.25 1 1
github.com/im-adarsh/go-money/currencyToWords.go:184.25,186.4 1 1
github.com/im-adarsh/go-money/currencyToWords.go:189.2,189.33 1 24
github.com/im-adarsh/go-money/currencyToWords.go:189.33,191.3 1 6
github.com/im-adarsh/go-money/currencyToWords.go:191.8,191.25 1 18
github.com/im-adarsh/go-money/currencyToWords.go:191.25,193.3 1 14
github.com/im-adarsh/go-money/currencyToWords.go:193.8,193.24 1 4
github.com/im-adarsh/go-money/currencyToWords.go:193.24,195.3 1 3
github.com/im-adarsh/go-money/currencyToWords.go:196.2,196.18 1 1
github.com/im-adarsh/go-money/currencyToWords.go:200.49,204.2 2 32
github.com/im-adarsh/go-money/exchange.go:31.76,32.15 1 16
github.com/im-adarsh/go-money/exchange.go:32.15,34.3 1 2
github.com/im-adarsh/go-money/exchange.go:35.2,37.16 3 14
github.com/im-adarsh/go-money/exchange.go:37.16,39.3 1 1
github.com/im-adarsh/go-money/exchange.go:40.2,40.59 1 13
github.com/im-adarsh/go-money/exchange.go:44.38,44.55 1 8
github.com/im-adarsh/go-money/exchange.go:47.36,47.51 1 3
github.com/im-adarsh/go-money/exchange.go:50.39,50.56 1 2
github.com/im-adarsh/go-money/exchange.go:57.47,59.2 1 2
github.com/im-adarsh/go-money/exchange.go:67.58,68.51 1 6
github.com/im-adarsh/go-money/exchange.go:68.51,73.3 1 1
github.com/im-adarsh/go-money/exchange.go:74.2,75.34 2 5
github.com/im-adarsh/go-money/formatter.go:18.90,26.2 1 76
github.com/im-adarsh/go-money/formatter.go:29.49,33.27 2 113
github.com/im-adarsh/go-money/formatter.go:33.27,35.3 1 22
github.com/im-adarsh/go-money/formatter.go:37.2,37.22 1 113
github.com/im-adarsh/go-money/formatter.go:37.22,38.52 1 104
github.com/im-adarsh/go-money/formatter.go:38.52,40.4 1 45
github.com/im-adarsh/go-money/formatter.go:43.2,43.20 1 113
github.com/im-adarsh/go-money/formatter.go:43.20,45.3 1 94
github.com/im-adarsh/go-money/formatter.go:46.2,50.16 3 113
github.com/im-adarsh/go-money/formatter.go:50.16,52.3 1 20
github.com/im-adarsh/go-money/formatter.go:54.2,54.11 1 113
github.com/im-adarsh/go-money/formatter.go:58.44,59.16 1 113
github.com/im-adarsh/go-money/formatter.go:59.16,61.3 1 20
github.com/im-adarsh/go-money/formatter.go:63.2,63.15 1 93
github.com/im-adarsh/go-money/locale.go:157.48,158.13 1 26
github.com/im-adarsh/go-money/locale.go:159.25,160.15 1 3
github.com/im-adarsh/go-money/locale.go:161.19,162.14 1 2
github.com/im-adarsh/go-money/locale.go:163.24,164.15 1 7
github.com/im-adarsh/go-money/locale.go:165.10,166.14 1 14
github.com/im-adarsh/go-money/locale.go:172.55,173.42 1 26
github.com/im-adarsh/go-money/locale.go:173.42,175.3 1 19
github.com/im-adarsh/go-money/locale.go:176.2,176.52 1 7
github.com/im-adarsh/go-money/locale.go:176.52,177.49 1 6
github.com/im-adarsh/go-money/locale.go:177.49,179.4 1 2
github.com/im-adarsh/go-money/locale.go:181.2,181.30 1 5
github.com/im-adarsh/go-money/locale.go:192.52,194.9 2 16
github.com/im-adarsh/go-money/locale.go:194.9,196.3 1 1
github.com/im-adarsh/go-money/locale.go:197.2,199.31 3 15
github.com/im-adarsh/go-money/locale.go:209.56,211.9 2 6
github.com/im-adarsh/go-money/locale.go:211.9,213.3 1 2
github.com/im-adarsh/go-money/locale.go:214.2,216.22 3 6
github.com/im-adarsh/go-money/locale.go:216.22,218.3 1 3
github.com/im-adarsh/go-money/locale.go:219.2,219.31 1 3
github.com/im-adarsh/go-money/marshal.go:19.48,25.2 5 2
github.com/im-adarsh/go-money/marshal.go:29.52,30.19 1 3
github.com/im-adarsh/go-money/marshal.go:30.19,32.3 1 1
github.com/im-adarsh/go-money/marshal.go:33.2,35.12 3 2
github.com/im-adarsh/go-money/marshal.go:42.46,44.2 1 3
github.com/im-adarsh/go-money/marshal.go:48.50,50.21 2 5
github.com/im-adarsh/go-money/marshal.go:50.21,52.3 1 1
github.com/im-adarsh/go-money/marshal.go:53.2,54.16 2 4
github.com/im-adarsh/go-money/marshal.go:54.16,56.3 1 1
github.com/im-adarsh/go-money/marshal.go:57.2,59.12 3 3
github.com/im-adarsh/go-money/marshal.go:72.73,74.2 1 2
github.com/im-adarsh/go-money/marshal.go:78.76,80.54 2 3
github.com/im-adarsh/go-money/marshal.go:80.54,82.3 1 1
github.com/im-adarsh/go-money/marshal.go:83.2,85.12 3 2
github.com/im-adarsh/go-money/money.go:43.44,48.2 1 349
github.com/im-adarsh/go-money/money.go:57.55,64.2 3 7
github.com/im-adarsh/go-money/money.go:67.38,69.2 1 30
github.com/im-adarsh/go-money/money.go:72.32,74.2 1 168
github.com/im-adarsh/go-money/money.go:77.46,79.2 1 105
github.com/im-adarsh/go-money/money.go:81.53,82.25 1 103
github.com/im-adarsh/go-money/money.go:82.25,84.3 1 14
github.com/im-adarsh/go-money/money.go:86.2,86.12 1 89
github.com/im-adarsh/go-money/money.go:89.40,90.9 1 36
github.com/im-adarsh/go-money/money.go:91.36,92.11 1 12
github.com/im-adarsh/go-money/money.go:93.36,94.12 1 14
github.com/im-adarsh/go-money/money.go:97.2,97.10 1 10
github.com/im-adarsh/go-money/money.go:103.49,104.49 1 4
github.com/im-adarsh/go-money/money.go:104.49,106.3 1 1
github.com/im-adarsh/go-money/money.go:108.2,108.27 1 3
github.com/im-adarsh/go-money/money.go:113.49,114.49 1 6
github.com/im-adarsh/go-money/money.go:114.49,116.3 1 1
github.com/im-adarsh/go-money/money.go:118.2,118.32 1 5
github.com/im-adarsh/go-money/money.go:123.54,124.49 1 13
github.com/im-adarsh/go-money/money.go:124.49,126.3 1 2
github.com/im-adarsh/go-money/money.go:128.2,128.32 1 11
github.com/im-adarsh/go-money/money.go:133.61,134.49 1 4
github.com/im-adarsh/go-money/money.go:134.49,136.3 1 1
github.com/im-adarsh/go-money/money.go:138.2,138.32 1 3
github.com/im-adarsh/go-money/money.go:143.51,144.49 1 13
github.com/im-adarsh/go-money/money.go:144.49,146.3 1 2
github.com/im-adarsh/go-money/money.go:148.2,148.33 1 11
github.com/im-adarsh/go-money/money.go:153.58,154.49 1 4
github.com/im-adarsh/go-money/money.go:154.49,156.3 1 1
github.com/im-adarsh/go-money/money.go:158.2,158.32 1 3
github.com/im-adarsh/go-money/money.go:162.31,164.2 1 3
github.com/im-adarsh/go-money/money.go:167.35,169.2 1 3
github.com/im-adarsh/go-money/money.go:176.28,177.9 1 3
github.com/im-adarsh/go-money/money.go:178.24,179.11 1 1
github.com/im-adarsh/go-money/money.go:180.24,181.12 1 1
github.com/im-adarsh/go-money/money.go:182.10,183.11 1 1
github.com/im-adarsh/go-money/money.go:188.35,190.2 1 3
github.com/im-adarsh/go-money/money.go:193.35,195.2 1 3
github.com/im-adarsh/go-money/money.go:199.35,201.2 1 3
github.com/im-adarsh/go-money/money.go:205.48,206.49 1 28
github.com/im-adarsh/go-money/money.go:206.49,208.3 1 3
github.com/im-adarsh/go-money/money.go:210.2,210.88 1 25
github.com/im-adarsh/go-money/money.go:215.53,216.49 1 10
github.com/im-adarsh/go-money/money.go:216.49,218.3 1 1
github.com/im-adarsh/go-money/money.go:220.2,220.93 1 9
github.com/im-adarsh/go-money/money.go:224.44,226.2 1 6
github.com/im-adarsh/go-money/money.go:231.42,233.2 1 10
github.com/im-adarsh/go-money/money.go:239.46,244.2 1 6
github.com/im-adarsh/go-money/money.go:249.32,251.2 1 8
github.com/im-adarsh/go-money/money.go:258.53,259.30 1 6
github.com/im-adarsh/go-money/money.go:259.30,261.3 1 1
github.com/im-adarsh/go-money/money.go:262.2,265.14 4 5
github.com/im-adarsh/go-money/money.go:265.14,267.3 1 1
github.com/im-adarsh/go-money/money.go:268.2,268.20 1 5
github.com/im-adarsh/go-money/money.go:277.48,278.12 1 8
github.com/im-adarsh/go-money/money.go:278.12,280.3 1 1
github.com/im-adarsh/go-money/money.go:282.2,285.25 3 7
github.com/im-adarsh/go-money/money.go:285.25,287.3 1 24
github.com/im-adarsh/go-money/money.go:289.2,292.26 2 7
github.com/im-adarsh/go-money/money.go:292.26,295.3 2 11
github.com/im-adarsh/go-money/money.go:297.2,297.16 1 7
github.com/im-adarsh/go-money/money.go:306.55,307.18 1 11
github.com/im-adarsh/go-money/money.go:307.18,309.3 1 1
github.com/im-adarsh/go-money/money.go:312.2,313.23 2 10
github.com/im-adarsh/go-money/money.go:313.23,315.3 1 29
github.com/im-adarsh/go-money/money.go:317.2,319.23 3 10
github.com/im-adarsh/go-money/money.go:319.23,327.3 3 29
github.com/im-adarsh/go-money/money.go:330.2,332.12 3 10
github.com/im-adarsh/go-money/money.go:332.12,334.3 1 1
github.com/im-adarsh/go-money/money.go:336.2,336.27 1 10
github.com/im-adarsh/go-money/money.go:336.27,339.3 2 5
github.com/im-adarsh/go-money/money.go:341.2,341.16 1 10
github.com/im-adarsh/go-money/money.go:349.34,352.2 2 37
github.com/im-adarsh/go-money/money.go:356.33,358.2 1 1
github.com/im-adarsh/go-money/money.go:369.37,370.30 1 6
github.com/im-adarsh/go-money/money.go:370.30,372.3 1 1
github.com/im-adarsh/go-money/money.go:373.2,374.36 2 5
github.com/im-adarsh/go-money/money.go:383.34,386.2 2 10
github.com/im-adarsh/go-money/money.go:396.49,401.2 1 7
github.com/im-adarsh/go-money/money.go:409.32,410.30 1 9
github.com/im-adarsh/go-money/money.go:410.30,412.3 1 2
github.com/im-adarsh/go-money/money.go:413.2,414.30 2 7
github.com/im-adarsh/go-money/money.go:424.56,425.50 1 11
github.com/im-adarsh/go-money/money.go:425.50,427.3 1 1
github.com/im-adarsh/go-money/money.go:428.2,428.50 1 10
github.com/im-adarsh/go-money/money.go:428.50,430.3 1 1
github.com/im-adarsh/go-money/money.go:431.2,431.37 1 9
github.com/im-adarsh/go-money/money.go:431.37,433.3 1 1
github.com/im-adarsh/go-money/money.go:434.2,434.35 1 8
github.com/im-adarsh/go-money/money.go:434.35,436.3 1 2
github.com/im-adarsh/go-money/money.go:437.2,437.35 1 6
github.com/im-adarsh/go-money/money.go:437.35,439.3 1 2
github.com/im-adarsh/go-money/money.go:440.2,440.78 1 4
github.com/im-adarsh/go-money/money.go:449.73,453.26 3 20
github.com/im-adarsh/go-money/money.go:453.26,455.3 1 3
github.com/im-adarsh/go-money/money.go:457.2,458.14 2 20
github.com/im-adarsh/go-money/money.go:458.14,460.3 1 2
github.com/im-adarsh/go-money/money.go:461.2,462.16 2 20
github.com/im-adarsh/go-money/money.go:462.16,464.3 1 1
github.com/im-adarsh/go-money/money.go:466.2,470.14 4 20
github.com/im-adarsh/go-money/money.go:471.19,472.28 1 6
github.com/im-adarsh/go-money/money.go:472.28,474.4 1 3
github.com/im-adarsh/go-money/money.go:474.9,476.4 1 3
github.com/im-adarsh/go-money/money.go:477.21,478.27 1 3
github.com/im-adarsh/go-money/money.go:478.27,480.4 1 1
github.com/im-adarsh/go-money/money.go:480.9,482.4 1 2
github.com/im-adarsh/go-money/money.go:483.21,485.23 2 4
github.com/im-adarsh/go-money/money.go:485.23,487.4 1 1
github.com/im-adarsh/go-money/money.go:487.9,487.31 1 3
github.com/im-adarsh/go-money/money.go:487.31,488.23 1 2
github.com/im-adarsh/go-money/money.go:488.23,490.5 1 1
github.com/im-adarsh/go-money/money.go:490.10,492.5 1 1
github.com/im-adarsh/go-money/money.go:493.9,495.4 1 1
github.com/im-adarsh/go-money/money.go:496.15,497.20 1 3
github.com/im-adarsh/go-money/money.go:497.20,499.4 1 2
github.com/im-adarsh/go-money/money.go:499.9,501.4 1 1
github.com/im-adarsh/go-money/money.go:502.17,503.21 1 2
github.com/im-adarsh/go-money/money.go:504.10,505.28 1 2
github.com/im-adarsh/go-money/money.go:505.28,507.4 1 1
github.com/im-adarsh/go-money/money.go:507.9,509.4 1 1
github.com/im-adarsh/go-money/money.go:512.2,512.75 1 20
github.com/im-adarsh/go-money/money.go:520.49,522.2 1 2
github.com/im-adarsh/go-money/money.go:534.46,539.2 1 4
github.com/im-adarsh/go-money/money.go:543.47,545.47 2 5
github.com/im-adarsh/go-money/money.go:545.47,547.3 1 1
github.com/im-adarsh/go-money/money.go:548.2,550.12 3 4
github.com/im-adarsh/go-money/null.go:18.39,20.2 1 5
github.com/im-adarsh/go-money/null.go:24.50,25.14 1 2
github.com/im-adarsh/go-money/null.go:25.14,27.3 1 1
github.com/im-adarsh/go-money/null.go:28.2,28.24 1 1
github.com/im-adarsh/go-money/null.go:33.51,34.18 1 2
github.com/im-adarsh/go-money/null.go:34.18,38.3 3 1
github.com/im-adarsh/go-money/null.go:39.2,40.28 2 1
github.com/im-adarsh/go-money/null.go:45.50,46.14 1 3
github.com/im-adarsh/go-money/null.go:46.14,48.3 1 1
github.com/im-adarsh/go-money/null.go:49.2,49.30 1 2
github.com/im-adarsh/go-money/null.go:54.54,55.28 1 3
github.com/im-adarsh/go-money/null.go:55.28,58.3 2 1
github.com/im-adarsh/go-money/null.go:59.2,60.39 2 2
github.com/im-adarsh/go-money/null.go:65.50,66.14 1 2
github.com/im-adarsh/go-money/null.go:66.14,68.3 1 1
github.com/im-adarsh/go-money/null.go:69.2,69.30 1 1
github.com/im-adarsh/go-money/null.go:74.54,75.20 1 2
github.com/im-adarsh/go-money/null.go:75.20,78.3 2 1
github.com/im-adarsh/go-money/null.go:79.2,80.36 2 1
github.com/im-adarsh/go-money/rounding.go:40.57,45.2 1 35
github.com/im-adarsh/go-money/rounding.go:49.72,50.33 1 35
github.com/im-adarsh/go-money/rounding.go:50.33,52.3 1 7
github.com/im-adarsh/go-money/rounding.go:54.2,58.15 4 28
github.com/im-adarsh/go-money/rounding.go:58.15,61.3 2 5
github.com/im-adarsh/go-money/rounding.go:63.2,68.14 4 28
github.com/im-adarsh/go-money/rounding.go:69.19,70.25 1 6
github.com/im-adarsh/go-money/rounding.go:70.25,72.4 1 4
github.com/im-adarsh/go-money/rounding.go:72.9,74.4 1 2
github.com/im-adarsh/go-money/rounding.go:76.21,77.24 1 5
github.com/im-adarsh/go-money/rounding.go:77.24,79.4 1 1
github.com/im-adarsh/go-money/rounding.go:79.9,81.4 1 4
github.com/im-adarsh/go-money/rounding.go:83.21,85.20 2 7
github.com/im-adarsh/go-money/rounding.go:85.20,87.4 1 1
github.com/im-adarsh/go-money/rounding.go:87.9,87.28 1 6
github.com/im-adarsh/go-money/rounding.go:87.28,89.23 1 5
github.com/im-adarsh/go-money/rounding.go:89.23,91.5 1 2
github.com/im-adarsh/go-money/rounding.go:91.10,93.5 1 3
github.com/im-adarsh/go-money/rounding.go:94.9,96.4 1 1
github.com/im-adarsh/go-money/rounding.go:98.15,99.20 1 4
github.com/im-adarsh/go-money/rounding.go:99.20,101.4 1 3
github.com/im-adarsh/go-money/rounding.go:101.9,103.4 1 1
github.com/im-adarsh/go-money/rounding.go:105.17,106.27 1 4
github.com/im-adarsh/go-money/rounding.go:108.10,110.25 1 2
github.com/im-adarsh/go-money/rounding.go:110.25,112.4 1 1
github.com/im-adarsh/go-money/rounding.go:112.9,114.4 1 1
github.com/im-adarsh/go-money/rounding.go:117.2,117.32 1 28
github.com/im-adarsh/go-money/sql.go:18.46,20.2 1 6
github.com/im-adarsh/go-money/sql.go:30.45,32.25 2 13
github.com/im-adarsh/go-money/sql.go:33.14,34.10 1 11
github.com/im-adarsh/go-money/sql.go:35.14,36.18 1 1
github.com/im-adarsh/go-money/sql.go:37.10,38.88 1 1
github.com/im-adarsh/go-money/sql.go:41.2,42.21 2 12
github.com/im-adarsh/go-money/sql.go:42.21,47.3 1 1
github.com/im-adarsh/go-money/sql.go:49.2,50.16 2 11
github.com/im-adarsh/go-money/sql.go:50.16,52.3 1 1
github.com/im-adarsh/go-money/sql.go:54.2,56.12 3 10
