mode: set
github.com/im-adarsh/go-money/num2words/num2Words.go:25.33,27.2 1 1
github.com/im-adarsh/go-money/num2words/num2Words.go:31.36,33.2 1 1
github.com/im-adarsh/go-money/num2words/num2Words.go:35.46,37.17 1 1
github.com/im-adarsh/go-money/num2words/num2Words.go:37.17,39.3 1 1
github.com/im-adarsh/go-money/num2words/num2Words.go:42.2,46.36 3 1
github.com/im-adarsh/go-money/num2words/num2Words.go:46.36,49.3 2 1
github.com/im-adarsh/go-money/num2words/num2Words.go:51.2,52.36 2 1
github.com/im-adarsh/go-money/num2words/num2Words.go:52.36,54.3 1 1
github.com/im-adarsh/go-money/num2words/num2Words.go:55.2,58.36 3 1
github.com/im-adarsh/go-money/num2words/num2Words.go:58.36,59.21 1 1
github.com/im-adarsh/go-money/num2words/num2Words.go:59.21,62.26 2 1
github.com/im-adarsh/go-money/num2words/num2Words.go:62.26,64.5 1 1
github.com/im-adarsh/go-money/num2words/num2Words.go:66.4,68.32 2 1
github.com/im-adarsh/go-money/num2words/num2Words.go:72.2,72.16 1 1
github.com/im-adarsh/go-money/num2words/num2Words.go:72.16,74.3 1 0
github.com/im-adarsh/go-money/num2words/num2Words.go:76.2,76.17 1 1
github.com/im-adarsh/go-money/num2words/num2Words.go:79.27,81.2 1 1
github.com/im-adarsh/go-money/num2words/num2Words.go:83.66,87.19 3 1
github.com/im-adarsh/go-money/num2words/num2Words.go:87.19,90.21 2 1
github.com/im-adarsh/go-money/num2words/num2Words.go:90.21,92.4 1 1
github.com/im-adarsh/go-money/num2words/num2Words.go:95.2,98.15 3 1
github.com/im-adarsh/go-money/num2words/num2Words.go:98.15,101.17 2 1
github.com/im-adarsh/go-money/num2words/num2Words.go:101.17,103.4 1 1
github.com/im-adarsh/go-money/num2words/num2Words.go:104.8,104.27 1 1
github.com/im-adarsh/go-money/num2words/num2Words.go:104.27,106.3 1 1
github.com/im-adarsh/go-money/num2words/num2Words.go:108.2,108.8 1 1
github.com/im-adarsh/go-money/num2words/num2Words.go:113.36,114.12 1 1
github.com/im-adarsh/go-money/num2words/num2Words.go:114.12,116.3 1 1
github.com/im-adarsh/go-money/num2words/num2Words.go:117.2,117.12 1 1
github.com/im-adarsh/go-money/aggregate.go:13.40,14.18 1 1
github.com/im-adarsh/go-money/aggregate.go:14.18,16.3 1 1
github.com/im-adarsh/go-money/aggregate.go:17.2,19.27 3 1
github.com/im-adarsh/go-money/aggregate.go:19.27,21.17 2 1
github.com/im-adarsh/go-money/aggregate.go:21.17,23.4 1 1
github.com/im-adarsh/go-money/aggregate.go:25.2,25.20 1 1
github.com/im-adarsh/go-money/aggregate.go:36.40,37.18 1 1
github.com/im-adarsh/go-money/aggregate.go:37.18,39.3 1 1
github.com/im-adarsh/go-money/aggregate.go:40.2,41.27 2 1
github.com/im-adarsh/go-money/aggregate.go:41.27,43.17 2 1
github.com/im-adarsh/go-money/aggregate.go:43.17,45.4 1 0
github.com/im-adarsh/go-money/aggregate.go:46.3,46.9 1 1
github.com/im-adarsh/go-money/aggregate.go:46.9,48.4 1 1
github.com/im-adarsh/go-money/aggregate.go:50.2,50.17 1 1
github.com/im-adarsh/go-money/aggregate.go:61.40,62.18 1 1
github.com/im-adarsh/go-money/aggregate.go:62.18,64.3 1 1
github.com/im-adarsh/go-money/aggregate.go:65.2,66.27 2 1
github.com/im-adarsh/go-money/aggregate.go:66.27,68.17 2 1
github.com/im-adarsh/go-money/aggregate.go:68.17,70.4 1 0
github.com/im-adarsh/go-money/aggregate.go:71.3,71.9 1 1
github.com/im-adarsh/go-money/aggregate.go:71.9,73.4 1 1
github.com/im-adarsh/go-money/aggregate.go:75.2,75.17 1 1
github.com/im-adarsh/go-money/aggregate.go:87.44,88.18 1 1
github.com/im-adarsh/go-money/aggregate.go:88.18,90.3 1 1
github.com/im-adarsh/go-money/aggregate.go:91.2,92.16 2 1
github.com/im-adarsh/go-money/aggregate.go:92.16,94.3 1 0
github.com/im-adarsh/go-money/aggregate.go:95.2,95.42 1 1
github.com/im-adarsh/go-money/calculator.go:7.48,9.2 1 1
github.com/im-adarsh/go-money/calculator.go:11.53,13.2 1 1
github.com/im-adarsh/go-money/calculator.go:15.59,17.2 1 1
github.com/im-adarsh/go-money/calculator.go:19.57,21.2 1 1
github.com/im-adarsh/go-money/calculator.go:23.58,25.2 1 1
github.com/im-adarsh/go-money/calculator.go:27.60,29.2 1 1
github.com/im-adarsh/go-money/calculator.go:31.50,32.15 1 1
github.com/im-adarsh/go-money/calculator.go:32.15,34.3 1 1
github.com/im-adarsh/go-money/calculator.go:36.2,36.23 1 1
github.com/im-adarsh/go-money/calculator.go:39.50,40.15 1 1
github.com/im-adarsh/go-money/calculator.go:40.15,42.3 1 1
github.com/im-adarsh/go-money/calculator.go:44.2,44.23 1 1
github.com/im-adarsh/go-money/calculator.go:47.54,48.16 1 1
github.com/im-adarsh/go-money/calculator.go:48.16,50.3 1 1
github.com/im-adarsh/go-money/calculator.go:52.2,56.19 4 1
github.com/im-adarsh/go-money/calculator.go:56.19,58.3 1 1
github.com/im-adarsh/go-money/calculator.go:60.2,62.15 2 1
github.com/im-adarsh/go-money/calculator.go:62.15,64.3 1 1
github.com/im-adarsh/go-money/calculator.go:64.8,66.3 1 1
github.com/im-adarsh/go-money/calculator.go:68.2,68.23 1 1
github.com/im-adarsh/go-money/currency.go:152.94,163.2 2 1
github.com/im-adarsh/go-money/currency.go:165.41,167.2 1 1
github.com/im-adarsh/go-money/currency.go:170.41,172.2 1 1
github.com/im-adarsh/go-money/currency.go:176.43,184.2 1 1
github.com/im-adarsh/go-money/currency.go:188.43,190.2 1 1
github.com/im-adarsh/go-money/currency.go:193.36,194.40 1 1
github.com/im-adarsh/go-money/currency.go:194.40,196.3 1 1
github.com/im-adarsh/go-money/currency.go:198.2,198.23 1 1
github.com/im-adarsh/go-money/currency.go:201.46,203.2 1 1
github.com/im-adarsh/go-money/currencyToWords.go:127.54,132.2 1 1
github.com/im-adarsh/go-money/currencyToWords.go:145.73,149.18 4 1
github.com/im-adarsh/go-money/currencyToWords.go:149.18,151.3 1 0
github.com/im-adarsh/go-money/currencyToWords.go:153.2,153.19 1 1
github.com/im-adarsh/go-money/currencyToWords.go:153.19,155.3 1 1
github.com/im-adarsh/go-money/currencyToWords.go:156.2,157.16 2 1
github.com/im-adarsh/go-money/currencyToWords.go:157.16,159.3 1 0
github.com/im-adarsh/go-money/currencyToWords.go:160.2,161.16 2 1
github.com/im-adarsh/go-money/currencyToWords.go:161.16,163.3 1 0
github.com/im-adarsh/go-money/currencyToWords.go:165.2,169.9 4 1
github.com/im-adarsh/go-money/currencyToWords.go:169.9,171.3 1 0
github.com/im-adarsh/go-money/currencyToWords.go:174.2,174.21 1 1
github.com/im-adarsh/go-money/currencyToWords.go:174.21,175.19 1 1
github.com/im-adarsh/go-money/currencyToWords.go:175.19,177.4 1 1
github.com/im-adarsh/go-money/currencyToWords.go:178.3,178.49 1 0
github.com/im-adarsh/go-money/currencyToWords.go:182.2,182.22 1 1
github.com/im-adarsh/go-money/currencyToWords.go:182.22,183.34 1 0
github.com/im-adarsh/go-money/currencyToWords.go:183.34,185.4 1 0
github.com/im-adarsh/go-money/currencyToWords.go:185.9,185.26 1 0
github.com/im-adarsh/go-money/currencyToWords.go:185.26,187.4 1 0
github.com/im-adarsh/go-money/currencyToWords.go:187.9,187.25 1 0
github.com/im-adarsh/go-money/currencyToWords.go:187.25,189.4 1 0
github.com/im-adarsh/go-money/currencyToWords.go:192.2,192.33 1 1
github.com/im-adarsh/go-money/currencyToWords.go:192.33,194.3 1 1
github.com/im-adarsh/go-money/currencyToWords.go:194.8,194.25 1 1
github.com/im-adarsh/go-money/currencyToWords.go:194.25,196.3 1 1
github.com/im-adarsh/go-money/currencyToWords.go:196.8,196.24 1 1
github.com/im-adarsh/go-money/currencyToWords.go:196.24,198.3 1 1
github.com/im-adarsh/go-money/currencyToWords.go:199.2,199.18 1 0
github.com/im-adarsh/go-money/currencyToWords.go:203.49,206.16 3 1
github.com/im-adarsh/go-money/currencyToWords.go:206.16,208.3 1 0
github.com/im-adarsh/go-money/currencyToWords.go:209.2,209.19 1 1
github.com/im-adarsh/go-money/exchange.go:31.76,32.15 1 1
github.com/im-adarsh/go-money/exchange.go:32.15,34.3 1 1
github.com/im-adarsh/go-money/exchange.go:35.2,37.16 3 1
github.com/im-adarsh/go-money/exchange.go:37.16,39.3 1 1
github.com/im-adarsh/go-money/exchange.go:40.2,40.59 1 1
github.com/im-adarsh/go-money/exchange.go:44.38,44.55 1 1
github.com/im-adarsh/go-money/exchange.go:47.36,47.51 1 1
github.com/im-adarsh/go-money/exchange.go:50.39,50.56 1 1
github.com/im-adarsh/go-money/exchange.go:57.47,59.2 1 1
github.com/im-adarsh/go-money/exchange.go:67.58,68.51 1 1
github.com/im-adarsh/go-money/exchange.go:68.51,73.3 1 1
github.com/im-adarsh/go-money/exchange.go:74.2,75.34 2 1
github.com/im-adarsh/go-money/formatter.go:18.90,26.2 1 1
github.com/im-adarsh/go-money/formatter.go:29.49,33.27 2 1
github.com/im-adarsh/go-money/formatter.go:33.27,35.3 1 1
github.com/im-adarsh/go-money/formatter.go:37.2,37.22 1 1
github.com/im-adarsh/go-money/formatter.go:37.22,38.52 1 1
github.com/im-adarsh/go-money/formatter.go:38.52,40.4 1 1
github.com/im-adarsh/go-money/formatter.go:43.2,43.20 1 1
github.com/im-adarsh/go-money/formatter.go:43.20,45.3 1 1
github.com/im-adarsh/go-money/formatter.go:46.2,50.16 3 1
github.com/im-adarsh/go-money/formatter.go:50.16,52.3 1 1
github.com/im-adarsh/go-money/formatter.go:54.2,54.11 1 1
github.com/im-adarsh/go-money/formatter.go:58.44,59.16 1 1
github.com/im-adarsh/go-money/formatter.go:59.16,61.3 1 1
github.com/im-adarsh/go-money/formatter.go:63.2,63.15 1 1
github.com/im-adarsh/go-money/money.go:43.44,48.2 1 1
github.com/im-adarsh/go-money/money.go:57.55,64.2 3 1
github.com/im-adarsh/go-money/money.go:67.38,69.2 1 1
github.com/im-adarsh/go-money/money.go:72.32,74.2 1 1
github.com/im-adarsh/go-money/money.go:77.46,79.2 1 1
github.com/im-adarsh/go-money/money.go:81.53,82.25 1 1
github.com/im-adarsh/go-money/money.go:82.25,84.3 1 1
github.com/im-adarsh/go-money/money.go:86.2,86.12 1 1
github.com/im-adarsh/go-money/money.go:89.40,90.9 1 1
github.com/im-adarsh/go-money/money.go:91.36,92.11 1 1
github.com/im-adarsh/go-money/money.go:93.36,94.12 1 1
github.com/im-adarsh/go-money/money.go:97.2,97.10 1 1
github.com/im-adarsh/go-money/money.go:103.49,104.49 1 1
github.com/im-adarsh/go-money/money.go:104.49,106.3 1 1
github.com/im-adarsh/go-money/money.go:108.2,108.27 1 1
github.com/im-adarsh/go-money/money.go:113.49,114.49 1 1
github.com/im-adarsh/go-money/money.go:114.49,116.3 1 1
github.com/im-adarsh/go-money/money.go:118.2,118.32 1 1
github.com/im-adarsh/go-money/money.go:123.54,124.49 1 1
github.com/im-adarsh/go-money/money.go:124.49,126.3 1 1
github.com/im-adarsh/go-money/money.go:128.2,128.32 1 1
github.com/im-adarsh/go-money/money.go:133.61,134.49 1 1
github.com/im-adarsh/go-money/money.go:134.49,136.3 1 1
github.com/im-adarsh/go-money/money.go:138.2,138.32 1 1
github.com/im-adarsh/go-money/money.go:143.51,144.49 1 1
github.com/im-adarsh/go-money/money.go:144.49,146.3 1 1
github.com/im-adarsh/go-money/money.go:148.2,148.33 1 1
github.com/im-adarsh/go-money/money.go:153.58,154.49 1 1
github.com/im-adarsh/go-money/money.go:154.49,156.3 1 1
github.com/im-adarsh/go-money/money.go:158.2,158.32 1 1
github.com/im-adarsh/go-money/money.go:162.31,164.2 1 1
github.com/im-adarsh/go-money/money.go:167.35,169.2 1 1
github.com/im-adarsh/go-money/money.go:172.35,174.2 1 1
github.com/im-adarsh/go-money/money.go:177.35,179.2 1 1
github.com/im-adarsh/go-money/money.go:183.35,185.2 1 1
github.com/im-adarsh/go-money/money.go:189.48,190.49 1 1
github.com/im-adarsh/go-money/money.go:190.49,192.3 1 1
github.com/im-adarsh/go-money/money.go:194.2,194.88 1 1
github.com/im-adarsh/go-money/money.go:199.53,200.49 1 1
github.com/im-adarsh/go-money/money.go:200.49,202.3 1 1
github.com/im-adarsh/go-money/money.go:204.2,204.93 1 1
github.com/im-adarsh/go-money/money.go:208.44,210.2 1 1
github.com/im-adarsh/go-money/money.go:215.42,217.2 1 1
github.com/im-adarsh/go-money/money.go:223.46,228.2 1 1
github.com/im-adarsh/go-money/money.go:233.32,235.2 1 1
github.com/im-adarsh/go-money/money.go:242.53,243.30 1 1
github.com/im-adarsh/go-money/money.go:243.30,245.3 1 1
github.com/im-adarsh/go-money/money.go:246.2,249.14 4 1
github.com/im-adarsh/go-money/money.go:249.14,251.3 1 1
github.com/im-adarsh/go-money/money.go:252.2,252.20 1 1
github.com/im-adarsh/go-money/money.go:261.48,262.12 1 1
github.com/im-adarsh/go-money/money.go:262.12,264.3 1 1
github.com/im-adarsh/go-money/money.go:266.2,269.25 3 1
github.com/im-adarsh/go-money/money.go:269.25,271.3 1 1
github.com/im-adarsh/go-money/money.go:273.2,276.26 2 1
github.com/im-adarsh/go-money/money.go:276.26,279.3 2 1
github.com/im-adarsh/go-money/money.go:281.2,281.16 1 1
github.com/im-adarsh/go-money/money.go:290.55,291.18 1 1
github.com/im-adarsh/go-money/money.go:291.18,293.3 1 1
github.com/im-adarsh/go-money/money.go:296.2,297.23 2 1
github.com/im-adarsh/go-money/money.go:297.23,299.3 1 1
github.com/im-adarsh/go-money/money.go:301.2,303.23 3 1
github.com/im-adarsh/go-money/money.go:303.23,311.3 3 1
github.com/im-adarsh/go-money/money.go:314.2,316.12 3 1
github.com/im-adarsh/go-money/money.go:316.12,318.3 1 0
github.com/im-adarsh/go-money/money.go:320.2,320.27 1 1
github.com/im-adarsh/go-money/money.go:320.27,323.3 2 1
github.com/im-adarsh/go-money/money.go:325.2,325.16 1 1
github.com/im-adarsh/go-money/money.go:333.34,336.2 2 1
github.com/im-adarsh/go-money/money.go:340.33,342.2 1 1
github.com/im-adarsh/go-money/money.go:353.37,354.30 1 1
github.com/im-adarsh/go-money/money.go:354.30,356.3 1 1
github.com/im-adarsh/go-money/money.go:357.2,358.36 2 1
github.com/im-adarsh/go-money/money.go:367.34,370.2 2 1
github.com/im-adarsh/go-money/money.go:382.46,387.2 1 1
github.com/im-adarsh/go-money/money.go:391.47,393.47 2 1
github.com/im-adarsh/go-money/money.go:393.47,395.3 1 0
github.com/im-adarsh/go-money/money.go:396.2,398.12 3 1
github.com/im-adarsh/go-money/rounding.go:40.57,45.2 1 1
github.com/im-adarsh/go-money/rounding.go:49.72,50.33 1 1
github.com/im-adarsh/go-money/rounding.go:50.33,52.3 1 1
github.com/im-adarsh/go-money/rounding.go:54.2,58.15 4 1
github.com/im-adarsh/go-money/rounding.go:58.15,61.3 2 1
github.com/im-adarsh/go-money/rounding.go:63.2,68.14 4 1
github.com/im-adarsh/go-money/rounding.go:69.19,70.25 1 1
github.com/im-adarsh/go-money/rounding.go:70.25,72.4 1 1
github.com/im-adarsh/go-money/rounding.go:72.9,74.4 1 1
github.com/im-adarsh/go-money/rounding.go:76.21,77.24 1 1
github.com/im-adarsh/go-money/rounding.go:77.24,79.4 1 1
github.com/im-adarsh/go-money/rounding.go:79.9,81.4 1 1
github.com/im-adarsh/go-money/rounding.go:83.21,85.20 2 1
github.com/im-adarsh/go-money/rounding.go:85.20,87.4 1 1
github.com/im-adarsh/go-money/rounding.go:87.9,87.28 1 1
github.com/im-adarsh/go-money/rounding.go:87.28,89.23 1 1
github.com/im-adarsh/go-money/rounding.go:89.23,91.5 1 1
github.com/im-adarsh/go-money/rounding.go:91.10,93.5 1 1
github.com/im-adarsh/go-money/rounding.go:94.9,96.4 1 1
github.com/im-adarsh/go-money/rounding.go:98.15,99.20 1 1
github.com/im-adarsh/go-money/rounding.go:99.20,101.4 1 1
github.com/im-adarsh/go-money/rounding.go:101.9,103.4 1 1
github.com/im-adarsh/go-money/rounding.go:105.17,106.27 1 1
github.com/im-adarsh/go-money/rounding.go:108.10,110.25 1 0
github.com/im-adarsh/go-money/rounding.go:110.25,112.4 1 0
github.com/im-adarsh/go-money/rounding.go:112.9,114.4 1 0
github.com/im-adarsh/go-money/rounding.go:117.2,117.32 1 1
github.com/im-adarsh/go-money/sql.go:18.46,20.2 1 1
github.com/im-adarsh/go-money/sql.go:30.45,32.25 2 1
github.com/im-adarsh/go-money/sql.go:33.14,34.10 1 1
github.com/im-adarsh/go-money/sql.go:35.14,36.18 1 1
github.com/im-adarsh/go-money/sql.go:37.10,38.88 1 1
github.com/im-adarsh/go-money/sql.go:41.2,42.21 2 1
github.com/im-adarsh/go-money/sql.go:42.21,47.3 1 1
github.com/im-adarsh/go-money/sql.go:49.2,50.16 2 1
github.com/im-adarsh/go-money/sql.go:50.16,52.3 1 1
github.com/im-adarsh/go-money/sql.go:54.2,56.12 3 1
